<?xml version="1.0" encoding="UTF-8"?>
<testng-results ignored="0" total="2" passed="2" failed="0" skipped="0">
  <reporter-output>
  </reporter-output>
  <suite started-at="2022-07-17T23:12:53 IST" name="Default suite" finished-at="2022-07-17T23:13:25 IST" duration-ms="32262">
    <groups>
      <group name="cucumber">
        <method signature="AbstractTestNGCucumberTests.runScenario(io.cucumber.testng.PickleWrapper, io.cucumber.testng.FeatureWrapper)[pri:0, instance:com.sadakar.testng.runner.RunCucumberTest@17497425]" name="runScenario" class="io.cucumber.testng.AbstractTestNGCucumberTests"/>
      </group> <!-- cucumber -->
    </groups>
    <test started-at="2022-07-17T23:12:53 IST" name="Default test" finished-at="2022-07-17T23:13:25 IST" duration-ms="32262">
      <class name="com.sadakar.testng.runner.RunCucumberTest">
        <test-method is-config="true" signature="setUpClass(org.testng.ITestContext)[pri:0, instance:com.sadakar.testng.runner.RunCucumberTest@17497425]" started-at="2022-07-17T23:12:53 IST" name="setUpClass" finished-at="2022-07-17T23:12:54 IST" duration-ms="708" status="PASS">
          <params>
            <param index="0">
              <value>
                <![CDATA[org.testng.TestRunner@1187dc82]]>
              </value>
            </param>
          </params>
          <reporter-output>
          </reporter-output>
        </test-method> <!-- setUpClass -->
        <test-method signature="runScenario(io.cucumber.testng.PickleWrapper, io.cucumber.testng.FeatureWrapper)[pri:0, instance:com.sadakar.testng.runner.RunCucumberTest@17497425]" started-at="2022-07-17T23:12:54 IST" name="runScenario" description="Runs Cucumber Scenarios" data-provider="scenarios" finished-at="2022-07-17T23:13:14 IST" duration-ms="20383" status="PASS">
          <params>
            <param index="0">
              <value>
                <![CDATA["DirectoryTabIsSearchButtonDisplayed"]]>
              </value>
            </param>
            <param index="1">
              <value>
                <![CDATA["Optional[Dashboard page]"]]>
              </value>
            </param>
          </params>
          <reporter-output>
          </reporter-output>
        </test-method> <!-- runScenario -->
        <test-method signature="runScenario(io.cucumber.testng.PickleWrapper, io.cucumber.testng.FeatureWrapper)[pri:0, instance:com.sadakar.testng.runner.RunCucumberTest@17497425]" started-at="2022-07-17T23:13:14 IST" name="runScenario" description="Runs Cucumber Scenarios" data-provider="scenarios" finished-at="2022-07-17T23:13:23 IST" duration-ms="9239" status="PASS">
          <params>
            <param index="0">
              <value>
                <![CDATA["LoginValidCredentials"]]>
              </value>
            </param>
            <param index="1">
              <value>
                <![CDATA["Optional[Login to HRM Application]"]]>
              </value>
            </param>
          </params>
          <reporter-output>
          </reporter-output>
        </test-method> <!-- runScenario -->
        <test-method is-config="true" signature="tearDownClass()[pri:0, instance:com.sadakar.testng.runner.RunCucumberTest@17497425]" started-at="2022-07-17T23:13:23 IST" name="tearDownClass" finished-at="2022-07-17T23:13:25 IST" duration-ms="1893" status="PASS">
          <reporter-output>
          </reporter-output>
        </test-method> <!-- tearDownClass -->
      </class> <!-- com.sadakar.testng.runner.RunCucumberTest -->
    </test> <!-- Default test -->
  </suite> <!-- Default suite -->
</testng-results>
